<?xml version="1.0" encoding="utf-8"?><testsuites name="pytest tests"><testsuite name="pytest" errors="0" failures="0" skipped="0" tests="15" time="2.989" timestamp="2026-03-23T22:15:25.148537+00:00" hostname="agent-env-1a56aee8-526a-44b9-817f-7dc65942f462"><testcase classname="backend.tests.test_m365.TestAuth" name="test_register_new_user" time="0.540" /><testcase classname="backend.tests.test_m365.TestAuth" name="test_register_duplicate_email" time="0.159" /><testcase classname="backend.tests.test_m365.TestAuth" name="test_login_valid_credentials" time="0.335" /><testcase classname="backend.tests.test_m365.TestAuth" name="test_login_invalid_credentials" time="0.103" /><testcase classname="backend.tests.test_m365.TestDashboard" name="test_dashboard_overview_requires_auth" time="0.171" /><testcase classname="backend.tests.test_m365.TestDashboard" name="test_dashboard_overview" time="0.430" /><testcase classname="backend.tests.test_m365.TestExchange" name="test_mailbox_usage" time="0.146" /><testcase classname="backend.tests.test_m365.TestExchange" name="test_inactive_mailboxes" time="0.102" /><testcase classname="backend.tests.test_m365.TestExchange" name="test_mail_traffic" time="0.147" /><testcase classname="backend.tests.test_m365.TestExchange" name="test_forwarding_rules" time="0.112" /><testcase classname="backend.tests.test_m365.TestEntraID" name="test_signin_logs" time="0.125" /><testcase classname="backend.tests.test_m365.TestEntraID" name="test_risky_users" time="0.107" /><testcase classname="backend.tests.test_m365.TestEntraID" name="test_mfa_status" time="0.117" /><testcase classname="backend.tests.test_m365.TestEntraID" name="test_conditional_access" time="0.104" /><testcase classname="backend.tests.test_m365.TestAlerts" name="test_alerts" time="0.124" /></testsuite></testsuites>