<?xml version="1.0" encoding="utf-8"?><testsuites name="pytest tests"><testsuite name="pytest" errors="0" failures="0" skipped="0" tests="23" time="4.972" timestamp="2026-03-23T22:49:30.511362+00:00" hostname="agent-env-1a56aee8-526a-44b9-817f-7dc65942f462"><testcase classname="backend.tests.test_m365.TestAuth" name="test_register_new_user" time="0.491" /><testcase classname="backend.tests.test_m365.TestAuth" name="test_register_duplicate_email" time="0.168" /><testcase classname="backend.tests.test_m365.TestAuth" name="test_login_valid_credentials" time="0.339" /><testcase classname="backend.tests.test_m365.TestAuth" name="test_login_invalid_credentials" time="0.144" /><testcase classname="backend.tests.test_m365.TestDashboard" name="test_dashboard_overview_requires_auth" time="0.243" /><testcase classname="backend.tests.test_m365.TestDashboard" name="test_dashboard_overview" time="0.467" /><testcase classname="backend.tests.test_m365.TestExchange" name="test_mailbox_usage" time="0.115" /><testcase classname="backend.tests.test_m365.TestExchange" name="test_inactive_mailboxes" time="0.109" /><testcase classname="backend.tests.test_m365.TestExchange" name="test_mail_traffic" time="0.104" /><testcase classname="backend.tests.test_m365.TestExchange" name="test_forwarding_rules" time="0.111" /><testcase classname="backend.tests.test_m365.TestEntraID" name="test_signin_logs" time="0.128" /><testcase classname="backend.tests.test_m365.TestEntraID" name="test_risky_users" time="0.286" /><testcase classname="backend.tests.test_m365.TestEntraID" name="test_mfa_status" time="0.115" /><testcase classname="backend.tests.test_m365.TestEntraID" name="test_conditional_access" time="0.111" /><testcase classname="backend.tests.test_m365.TestAlerts" name="test_alerts" time="0.107" /><testcase classname="backend.tests.test_m365.TestTenants" name="test_list_tenants_empty_or_existing" time="0.118" /><testcase classname="backend.tests.test_m365.TestTenants" name="test_create_demo_tenant" time="0.135" /><testcase classname="backend.tests.test_m365.TestTenants" name="test_get_tenant_after_create" time="0.100" /><testcase classname="backend.tests.test_m365.TestTenants" name="test_update_tenant" time="0.106" /><testcase classname="backend.tests.test_m365.TestTenants" name="test_create_real_tenant" time="0.229" /><testcase classname="backend.tests.test_m365.TestTenants" name="test_test_connection_real_tenant_fails_gracefully" time="0.685" /><testcase classname="backend.tests.test_m365.TestTenants" name="test_delete_tenant" time="0.232" /><testcase classname="backend.tests.test_m365.TestTenants" name="test_tenants_require_auth" time="0.149" /></testsuite></testsuites>